<?xml version="1.0" encoding="UTF-8"?>
<!-- Generated by org.testng.reporters.JUnitXMLReporter -->
<testsuite ignored="0" hostname="DESKTOP-4H5FPDV" failures="0" tests="3" name="Submit the Order" time="306.499" errors="0" timestamp="05 Aug 2023 06:32:52 GMT">
  <testcase classname="com.workpulse.test.StandAloneTest2" name="submitOrder" time="14.66"/>
  <testcase classname="com.workpulse.test.StandAloneTest2" name="submitOrder" time="14.831"/>
  <testcase classname="com.workpulse.test.StandAloneTest2" name="orderHistoryTest" time="0.825"/>
</testsuite> <!-- Submit the Order -->
