<?xml version="1.0" encoding="UTF-8"?>
<!-- Generated by org.testng.reporters.JUnitXMLReporter -->
<testsuite ignored="0" hostname="DESKTOP-4H5FPDV" failures="1" tests="2" name="Validate the Error Handeling" time="198.897" errors="0" timestamp="05 Aug 2023 06:36:11 GMT">
  <testcase classname="com.workpulse.test.ErrorValidationTest" name="loginErrorValidation" time="0.902">
    <failure type="java.lang.AssertionError" message="expected [Incorrect email or password.] but found [Incorrect email  password.]">
      <![CDATA[java.lang.AssertionError: expected [Incorrect email or password.] but found [Incorrect email  password.]
at com.workpulse.test.ErrorValidationTest.loginErrorValidation(ErrorValidationTest.java:24)
... Removed 31 stack frames]]>
    </failure>
  </testcase> <!-- loginErrorValidation -->
  <testcase classname="com.workpulse.test.ErrorValidationTest" name="productErrorValidation" time="14.194"/>
</testsuite> <!-- Validate the Error Handeling -->
