<?xml version="1.0" encoding="UTF-8"?>
<!-- Generated by org.testng.reporters.JUnitXMLReporter -->
<testsuite ignored="0" hostname="DESKTOP-4H5FPDV" failures="0" tests="3" name="Submit the Order" time="41.153" errors="0" timestamp="03 Aug 2023 08:52:31 GMT">
  <testcase classname="com.workpulse.test.StandAloneTest2" name="submitOrder" time="14.496"/>
  <testcase classname="com.workpulse.test.StandAloneTest2" name="submitOrder" time="14.196"/>
  <testcase classname="com.workpulse.test.StandAloneTest2" name="orderHistoryTest" time="0.654"/>
</testsuite> <!-- Submit the Order -->
