<?xml version="1.0" encoding="UTF-8"?>
<!-- Generated by org.testng.reporters.JUnitXMLReporter -->
<testsuite ignored="0" hostname="DESKTOP-4H5FPDV" failures="1" tests="2" name="Validate the Error Handeling" time="19.822" errors="0" timestamp="03 Aug 2023 08:52:51 GMT">
  <testcase classname="com.workpulse.test.ErrorValidationTest" name="loginErrorValidation" time="0.347">
    <failure type="java.lang.AssertionError" message="expected [Incorrect email or password.] but found [Incorrect email  password.]">
      <![CDATA[java.lang.AssertionError: expected [Incorrect email or password.] but found [Incorrect email  password.]
at com.workpulse.test.ErrorValidationTest.loginErrorValidation(ErrorValidationTest.java:24)
... Removed 35 stack frames]]>
    </failure>
  </testcase> <!-- loginErrorValidation -->
  <testcase classname="com.workpulse.test.ErrorValidationTest" name="productErrorValidation" time="13.533"/>
</testsuite> <!-- Validate the Error Handeling -->
